#
# A fatal error has been detected by the Java Runtime Environment:
#
#  EXCEPTION_ACCESS_VIOLATION (0xc0000005) at pc=0x00007ffecb947772, pid=2692, tid=16788
#
# JRE version: OpenJDK Runtime Environment (21.0+35) (build 21+35-2513)
# Java VM: OpenJDK 64-Bit Server VM (21+35-2513, mixed mode, sharing, tiered, compressed oops, compressed class ptrs, g1 gc, windows-amd64)
# Problematic frame:
# V  [jvm.dll+0x447772]
#
# No core dump will be written. Minidumps are not enabled by default on client versions of Windows
#
# If you would like to submit a bug report, please visit:
#   https://bugreport.java.com/bugreport/crash.jsp
#

---------------  S U M M A R Y ------------

Command Line: --module-path=D:\ParcAuto\lib\JavaFx --add-modules=javafx.controls,javafx.fxml -javaagent:D:\Programme\JetBrains\IntelliJ IDEA 2024.3.5\lib\idea_rt.jar=58797 -Dfile.encoding=UTF-8 -Dsun.stdout.encoding=UTF-8 -Dsun.stderr.encoding=UTF-8 main.java.com.miage.parcauto.MainApp

Host: 11th Gen Intel(R) Core(TM) i5-1135G7 @ 2.40GHz, 8 cores, 15G,  Windows 11 , 64 bit Build 26100 (10.0.26100.3775)
Time: Fri May  9 11:22:17 2025 Greenwich elapsed time: 0.615310 seconds (0d 0h 0m 0s)

---------------  T H R E A D  ---------------

Current thread (0x0000018cd9789010):  JavaThread "WindowsNativeRunloopThread"        [_thread_in_vm, id=16788, stack(0x0000001694e00000,0x0000001694f00000) (1024K)]

Stack: [0x0000001694e00000,0x0000001694f00000],  sp=0x0000001694efed80,  free space=1019k
Native frames: (J=compiled Java code, j=interpreted, Vv=VM code, C=native code)
V  [jvm.dll+0x447772]
C  [glass.dll+0x531c]

Java frames: (J=compiled Java code, j=interpreted, Vv=VM code)
j  com.sun.glass.ui.win.WinApplication._runLoop(Ljava/lang/Runnable;)V+0 javafx.graphics@21.0.7
j  com.sun.glass.ui.win.WinApplication.lambda$runLoop$3(ILjava/lang/Runnable;)V+8 javafx.graphics@21.0.7
j  com.sun.glass.ui.win.WinApplication$$Lambda+0x0000018c94095438.run()V+12 javafx.graphics@21.0.7
j  java.lang.Thread.runWith(Ljava/lang/Object;Ljava/lang/Runnable;)V+5 java.base@21
j  java.lang.Thread.run()V+19 java.base@21
v  ~StubRoutines::call_stub 0x0000018c875310e7

siginfo: EXCEPTION_ACCESS_VIOLATION (0xc0000005), reading address 0x0000000000000000


Registers:
RAX=0x0000000000000000, RBX=0x0000018cd9789010, RCX=0x0000018cd97893c8, RDX=0x0000001694efef68
RSP=0x0000001694efed80, RBP=0x0000001694efee88, RSI=0x0000000000000000, RDI=0x0000018cd97893c8
R8 =0x0000000000000000, R9 =0x0000001694efee88, R10=0x0000000000000000, R11=0x0000000000000246
R12=0x0000000000000000, R13=0x0000018cd46071c0, R14=0x0000001694efef68, R15=0x0000018cd9789010
RIP=0x00007ffecb947772, EFLAGS=0x0000000000010246


Register to memory mapping:

RAX=0x0 is null
RBX=0x0000018cd9789010 is a thread
RCX=0x0000018cd97893c8 points into unknown readable memory: 0x00007ffecc0ba600 | 00 a6 0b cc fe 7f 00 00
RDX=0x0000001694efef68 is pointing into the stack for thread: 0x0000018cd9789010
RSP=0x0000001694efed80 is pointing into the stack for thread: 0x0000018cd9789010
RBP=0x0000001694efee88 is pointing into the stack for thread: 0x0000018cd9789010
RSI=0x0 is null
RDI=0x0000018cd97893c8 points into unknown readable memory: 0x00007ffecc0ba600 | 00 a6 0b cc fe 7f 00 00
R8 =0x0 is null
R9 =0x0000001694efee88 is pointing into the stack for thread: 0x0000018cd9789010
R10=0x0 is null
R11=0x0000000000000246 is an unknown value
R12=0x0 is null
R13={method} {0x0000018cd46071c8} '_runLoop' '(Ljava/lang/Runnable;)V' in 'com/sun/glass/ui/win/WinApplication'
R14=0x0000001694efef68 is pointing into the stack for thread: 0x0000018cd9789010
R15=0x0000018cd9789010 is a thread

Top of Stack: (sp=0x0000001694efed80)
0x0000001694efed80:   0000001694efee20 00007fff54272e71
0x0000001694efed90:   0000018c00000004 0000018c00000000
0x0000001694efeda0:   0000000000000000 0000001694efedb8
0x0000001694efedb0:   0000000000000000 00007fff54272e71
0x0000001694efedc0:   00007fff536165e0 0000000000000000
0x0000001694efedd0:   0000018cd9789010 0000000000000000
0x0000001694efede0:   0000018cd943d070 00007fff53fa23cc
0x0000001694efedf0:   0000000000000000 00007fff53639660
0x0000001694efee00:   0000018cd943d070 00007fff53a2806f
0x0000001694efee10:   0000018cd9789010 0000000000000001
0x0000001694efee20:   0000018cd9789010 0000001694efef70
0x0000001694efee30:   0000018cd97893c8 00007fff3617531c
0x0000001694efee40:   0000000000000000 0000001694efef48
0x0000001694efee50:   0000001694efef68 0000018cd943d070
0x0000001694efee60:   0000001694efef70 00007fff3617a916
0x0000001694efee70:   0000018cd46071c0 0000001694efef48
0x0000001694efee80:   0000000000000000 0000000000000000
0x0000001694efee90:   0000018c87538924 0000018c8753cd7c
0x0000001694efeea0:   0000018cd46071c0 0000018cd46071c0
0x0000001694efeeb0:   0000018cd46071c0 0000001694efef70
0x0000001694efeec0:   0000018c87538924 0000018c8753cf0b
0x0000001694efeed0:   0000018cd46071c0 0000001694eff5a0
0x0000001694efeee0:   3ff0000000000000 0000018cd9789010
0x0000001694efeef0:   0000001694eff5a0 0000018c8753cb9f
0x0000001694efef00:   0000001694efef00 0000018cd46071c0
0x0000001694efef10:   0000000000000005 0000018cd462b580
0x0000001694efef20:   0000000000000000 0000000711c00590
0x0000001694efef30:   0000018cd46071c0 0000000000000000
0x0000001694efef40:   0000001694efef68 0000001694efefc0
0x0000001694efef50:   0000018c87538846 0000000000000000
0x0000001694efef60:   0000018c8753a397 0000000711c00638
0x0000001694efef70:   0000000711c00618 0000001694efef78 

Instructions: (pc=0x00007ffecb947772)
0x00007ffecb947672:   48 8b 4b 08 48 8b 43 18 48 89 41 18 48 8b 4b 08
0x00007ffecb947682:   48 8b 43 20 48 89 41 20 48 8d 8f 98 03 00 00 e8
0x00007ffecb947692:   3a f4 ec ff 90 c7 87 4c 04 00 00 04 00 00 00 48
0x00007ffecb9476a2:   81 c4 b8 00 00 00 41 5f 41 5e 5f 5e 5d 5b c3 cc
0x00007ffecb9476b2:   cc cc cc cc cc cc cc cc cc cc cc cc cc cc 48 89
0x00007ffecb9476c2:   5c 24 08 48 89 6c 24 10 48 89 74 24 18 57 41 56
0x00007ffecb9476d2:   41 57 48 81 ec a0 00 00 00 8b 81 b8 00 00 00 48
0x00007ffecb9476e2:   8d 99 48 fc ff ff 05 53 21 ff ff 49 8b e9 49 8b
0x00007ffecb9476f2:   f0 4c 8b f2 48 8b f9 83 f8 01 77 08 48 8b cb e8
0x00007ffecb947702:   fa 42 fa ff 80 3d a4 8d 7d 00 00 c7 83 4c 04 00
0x00007ffecb947712:   00 06 00 00 00 75 06 e8 b2 22 27 00 90 48 8b 83
0x00007ffecb947722:   50 04 00 00 a8 01 74 0d 45 33 c0 b2 01 48 8b cb
0x00007ffecb947732:   e8 f9 1e 2e 00 8b 83 48 04 00 00 a8 0c 74 08 48
0x00007ffecb947742:   8b cb e8 67 58 fa ff c7 83 4c 04 00 00 06 00 00
0x00007ffecb947752:   00 48 83 7b 08 00 48 89 5c 24 50 48 c7 44 24 58
0x00007ffecb947762:   00 00 00 00 74 0a 48 8d 4c 24 50 e8 7e e8 2a 00
0x00007ffecb947772:   48 8b 16 48 8d 4c 24 70 c7 44 24 40 0e 00 00 00
0x00007ffecb947782:   e8 39 74 00 00 48 8d 44 24 70 48 89 5c 24 30 48
0x00007ffecb947792:   89 44 24 28 4c 8d 3d b3 14 5a 00 41 b9 01 00 00
0x00007ffecb9477a2:   00 48 89 74 24 20 4d 8b c6 4c 89 7c 24 70 48 8d
0x00007ffecb9477b2:   54 24 40 48 89 ac 24 98 00 00 00 48 8b cf e8 8b
0x00007ffecb9477c2:   81 00 00 48 83 7c 24 58 00 4c 89 7c 24 70 48 c7
0x00007ffecb9477d2:   84 24 98 00 00 00 00 00 00 00 74 0a 48 8d 4c 24
0x00007ffecb9477e2:   50 e8 88 e8 2a 00 48 8b bb 98 01 00 00 48 8b 47
0x00007ffecb9477f2:   10 48 83 38 00 74 08 48 8b cf e8 0f 70 f5 ff 48
0x00007ffecb947802:   8b 4f 08 48 8b 47 10 48 89 41 10 48 8b 4f 08 48
0x00007ffecb947812:   8b 47 18 48 89 41 18 48 8b 4f 08 48 8b 47 20 48
0x00007ffecb947822:   89 41 20 48 8d 8b 98 03 00 00 e8 9f f2 ec ff 4c
0x00007ffecb947832:   8d 9c 24 a0 00 00 00 90 49 8b 6b 28 49 8b 73 30
0x00007ffecb947842:   c7 83 4c 04 00 00 04 00 00 00 49 8b 5b 20 49 8b
0x00007ffecb947852:   e3 41 5f 41 5e 5f c3 cc cc cc cc cc cc cc 48 89
0x00007ffecb947862:   5c 24 08 48 89 6c 24 10 48 89 74 24 18 48 89 7c 


Stack slot to memory mapping:

stack at sp + 0 slots: 0x0000001694efee20 is pointing into the stack for thread: 0x0000018cd9789010
stack at sp + 1 slots: 0x00007fff54272e71 ntdll.dll
stack at sp + 2 slots: 0x0000018c00000004 is an unknown value
stack at sp + 3 slots: 0x0000018c00000000 is an unknown value
stack at sp + 4 slots: 0x0 is null
stack at sp + 5 slots: 0x0000001694efedb8 is pointing into the stack for thread: 0x0000018cd9789010
stack at sp + 6 slots: 0x0 is null
stack at sp + 7 slots: 0x00007fff54272e71 ntdll.dll


---------------  P R O C E S S  ---------------

Threads class SMR info:
_java_thread_list=0x0000018cda801180, length=20, elements={
0x0000018cf16d5ea0, 0x0000018cffbc0bf0, 0x0000018cffbc1940, 0x0000018cffbd1b80,
0x0000018cffbd2b60, 0x0000018cffbd8b20, 0x0000018cffbd3e50, 0x0000018cffbd4e00,
0x0000018cd8160090, 0x0000018cd825ed60, 0x0000018cd8415e00, 0x0000018cd82e4ab0,
0x0000018cd8aaf420, 0x0000018cd8ee91c0, 0x0000018cd92cb470, 0x0000018cd85112c0,
0x0000018cd9789010, 0x0000018cd95efce0, 0x0000018cd89bb500, 0x0000018cd92c97f0
}

Java Threads: ( => current thread )
  0x0000018cf16d5ea0 JavaThread "main"                              [_thread_blocked, id=15408, stack(0x0000001693700000,0x0000001693800000) (1024K)]
  0x0000018cffbc0bf0 JavaThread "Reference Handler"          daemon [_thread_blocked, id=6396, stack(0x0000001693f00000,0x0000001694000000) (1024K)]
  0x0000018cffbc1940 JavaThread "Finalizer"                  daemon [_thread_blocked, id=17128, stack(0x0000001694000000,0x0000001694100000) (1024K)]
  0x0000018cffbd1b80 JavaThread "Signal Dispatcher"          daemon [_thread_blocked, id=8160, stack(0x0000001694100000,0x0000001694200000) (1024K)]
  0x0000018cffbd2b60 JavaThread "Attach Listener"            daemon [_thread_blocked, id=16884, stack(0x0000001694200000,0x0000001694300000) (1024K)]
  0x0000018cffbd8b20 JavaThread "Service Thread"             daemon [_thread_blocked, id=7388, stack(0x0000001694300000,0x0000001694400000) (1024K)]
  0x0000018cffbd3e50 JavaThread "Monitor Deflation Thread"   daemon [_thread_blocked, id=7828, stack(0x0000001694400000,0x0000001694500000) (1024K)]
  0x0000018cffbd4e00 JavaThread "C2 CompilerThread0"         daemon [_thread_in_native, id=13252, stack(0x0000001694500000,0x0000001694600000) (1024K)]
  0x0000018cd8160090 JavaThread "C1 CompilerThread0"         daemon [_thread_in_vm, id=7464, stack(0x0000001694600000,0x0000001694700000) (1024K)]
  0x0000018cd825ed60 JavaThread "Common-Cleaner"             daemon [_thread_blocked, id=9556, stack(0x0000001694700000,0x0000001694800000) (1024K)]
  0x0000018cd8415e00 JavaThread "C2 CompilerThread1"         daemon [_thread_in_native, id=6108, stack(0x0000001694800000,0x0000001694900000) (1024K)]
  0x0000018cd82e4ab0 JavaThread "C2 CompilerThread2"         daemon [_thread_blocked, id=10304, stack(0x0000001694900000,0x0000001694a00000) (1024K)]
  0x0000018cd8aaf420 JavaThread "Monitor Ctrl-Break"         daemon [_thread_in_native, id=14428, stack(0x0000001694a00000,0x0000001694b00000) (1024K)]
  0x0000018cd8ee91c0 JavaThread "Notification Thread"        daemon [_thread_blocked, id=14816, stack(0x0000001694b00000,0x0000001694c00000) (1024K)]
  0x0000018cd92cb470 JavaThread "QuantumRenderer-0"          daemon [_thread_blocked, id=7104, stack(0x0000001694c00000,0x0000001694d00000) (1024K)]
  0x0000018cd85112c0 JavaThread "InvokeLaterDispatcher"      daemon [_thread_blocked, id=15984, stack(0x0000001694d00000,0x0000001694e00000) (1024K)]
=>0x0000018cd9789010 JavaThread "WindowsNativeRunloopThread"        [_thread_in_vm, id=16788, stack(0x0000001694e00000,0x0000001694f00000) (1024K)]
  0x0000018cd95efce0 JavaThread "RMI TCP Accept-0"           daemon [_thread_in_native, id=16908, stack(0x0000001695a00000,0x0000001695b00000) (1024K)]
  0x0000018cd89bb500 JavaThread "RMI TCP Connection(1)-192.168.1.65" daemon [_thread_in_vm, id=3324, stack(0x0000001695b00000,0x0000001695c00000) (1024K)]
  0x0000018cd92c97f0 JavaThread "RMI Scheduler(0)"           daemon [_thread_blocked, id=10572, stack(0x0000001695c00000,0x0000001695d00000) (1024K)]
Total: 20

Other Threads:
  0x0000018cffba1670 VMThread "VM Thread"                           [id=12488, stack(0x0000001693e00000,0x0000001693f00000) (1024K)]
  0x0000018cffb8a090 WatcherThread "VM Periodic Task Thread"        [id=15576, stack(0x0000001693d00000,0x0000001693e00000) (1024K)]
  0x0000018cf3a81940 WorkerThread "GC Thread#0"                     [id=12884, stack(0x0000001693800000,0x0000001693900000) (1024K)]
  0x0000018cd943ccd0 WorkerThread "GC Thread#1"                     [id=12956, stack(0x0000001694f00000,0x0000001695000000) (1024K)]
  0x0000018cda6e1fe0 WorkerThread "GC Thread#2"                     [id=10696, stack(0x0000001695000000,0x0000001695100000) (1024K)]
  0x0000018cda6e2380 WorkerThread "GC Thread#3"                     [id=14532, stack(0x0000001695100000,0x0000001695200000) (1024K)]
  0x0000018cda6e2720 WorkerThread "GC Thread#4"                     [id=8188, stack(0x0000001695200000,0x0000001695300000) (1024K)]
  0x0000018cda6e2ac0 WorkerThread "GC Thread#5"                     [id=17160, stack(0x0000001695300000,0x0000001695400000) (1024K)]
  0x0000018cd987d640 WorkerThread "GC Thread#6"                     [id=15684, stack(0x0000001695400000,0x0000001695500000) (1024K)]
  0x0000018cd987d9e0 WorkerThread "GC Thread#7"                     [id=8156, stack(0x0000001695500000,0x0000001695600000) (1024K)]
  0x0000018cf179b7c0 ConcurrentGCThread "G1 Main Marker"            [id=3224, stack(0x0000001693900000,0x0000001693a00000) (1024K)]
  0x0000018cf179c0d0 WorkerThread "G1 Conc#0"                       [id=10684, stack(0x0000001693a00000,0x0000001693b00000) (1024K)]
  0x0000018cffa5d490 ConcurrentGCThread "G1 Refine#0"               [id=7948, stack(0x0000001693b00000,0x0000001693c00000) (1024K)]
  0x0000018cffa5dea0 ConcurrentGCThread "G1 Service"                [id=10044, stack(0x0000001693c00000,0x0000001693d00000) (1024K)]
Total: 14

Threads with active compile tasks:
C2 CompilerThread0      679 1417       4       java.lang.AbstractStringBuilder::<init> (39 bytes)
Total: 1

VM state: not at safepoint (normal execution)

VM Mutex/Monitor currently owned by a thread:  ([mutex/lock_event])
[0x00007ffecc1370c8] MethodCompileQueue_lock - owner thread: 0x0000000000000000

Heap address: 0x0000000703600000, size: 4042 MB, Compressed Oops mode: Zero based, Oop shift amount: 3

CDS archive(s) mapped at: [0x0000018c93000000-0x0000018c93c90000-0x0000018c93c90000), size 13172736, SharedBaseAddress: 0x0000018c93000000, ArchiveRelocationMode: 1.
Compressed class space mapped at: 0x0000018c94000000-0x0000018cd4000000, reserved size: 1073741824
Narrow klass base: 0x0000018c93000000, Narrow klass shift: 0, Narrow klass range: 0x100000000

GC Precious Log:
 CardTable entry size: 512
 Card Set container configuration: InlinePtr #cards 4 size 8 Array Of Cards #cards 16 size 48 Howl #buckets 8 coarsen threshold 3686 Howl Bitmap #cards 512 size 80 coarsen threshold 460 Card regions per heap region 1 cards per card region 4096
 CPUs: 8 total, 8 available
 Memory: 16167M
 Large Page Support: Disabled
 NUMA Support: Disabled
 Compressed Oops: Enabled (Zero based)
 Heap Region Size: 2M
 Heap Min Capacity: 8M
 Heap Initial Capacity: 254M
 Heap Max Capacity: 4042M
 Pre-touch: Disabled
 Parallel Workers: 8
 Concurrent Workers: 2
 Concurrent Refinement Workers: 8
 Periodic GC: Disabled

Heap:
 garbage-first heap   total 260096K, used 5875K [0x0000000703600000, 0x0000000800000000)
  region size 2048K, 4 young (8192K), 2 survivors (4096K)
 Metaspace       used 8057K, committed 8320K, reserved 1114112K
  class space    used 874K, committed 1024K, reserved 1048576K

Heap Regions: E=young(eden), S=young(survivor), O=old, HS=humongous(starts), HC=humongous(continues), CS=collection set, F=free, TAMS=top-at-mark-start, PB=parsable bottom
|   0|0x0000000703600000, 0x0000000703600000, 0x0000000703800000|  0%| F|  |TAMS 0x0000000703600000| PB 0x0000000703600000| Untracked 
|   1|0x0000000703800000, 0x0000000703800000, 0x0000000703a00000|  0%| F|  |TAMS 0x0000000703800000| PB 0x0000000703800000| Untracked 
|   2|0x0000000703a00000, 0x0000000703a00000, 0x0000000703c00000|  0%| F|  |TAMS 0x0000000703a00000| PB 0x0000000703a00000| Untracked 
|   3|0x0000000703c00000, 0x0000000703c00000, 0x0000000703e00000|  0%| F|  |TAMS 0x0000000703c00000| PB 0x0000000703c00000| Untracked 
|   4|0x0000000703e00000, 0x0000000703e00000, 0x0000000704000000|  0%| F|  |TAMS 0x0000000703e00000| PB 0x0000000703e00000| Untracked 
|   5|0x0000000704000000, 0x0000000704000000, 0x0000000704200000|  0%| F|  |TAMS 0x0000000704000000| PB 0x0000000704000000| Untracked 
|   6|0x0000000704200000, 0x0000000704200000, 0x0000000704400000|  0%| F|  |TAMS 0x0000000704200000| PB 0x0000000704200000| Untracked 
|   7|0x0000000704400000, 0x0000000704400000, 0x0000000704600000|  0%| F|  |TAMS 0x0000000704400000| PB 0x0000000704400000| Untracked 
|   8|0x0000000704600000, 0x0000000704600000, 0x0000000704800000|  0%| F|  |TAMS 0x0000000704600000| PB 0x0000000704600000| Untracked 
|   9|0x0000000704800000, 0x0000000704800000, 0x0000000704a00000|  0%| F|  |TAMS 0x0000000704800000| PB 0x0000000704800000| Untracked 
|  10|0x0000000704a00000, 0x0000000704a00000, 0x0000000704c00000|  0%| F|  |TAMS 0x0000000704a00000| PB 0x0000000704a00000| Untracked 
|  11|0x0000000704c00000, 0x0000000704c00000, 0x0000000704e00000|  0%| F|  |TAMS 0x0000000704c00000| PB 0x0000000704c00000| Untracked 
|  12|0x0000000704e00000, 0x0000000704e00000, 0x0000000705000000|  0%| F|  |TAMS 0x0000000704e00000| PB 0x0000000704e00000| Untracked 
|  13|0x0000000705000000, 0x0000000705000000, 0x0000000705200000|  0%| F|  |TAMS 0x0000000705000000| PB 0x0000000705000000| Untracked 
|  14|0x0000000705200000, 0x0000000705200000, 0x0000000705400000|  0%| F|  |TAMS 0x0000000705200000| PB 0x0000000705200000| Untracked 
|  15|0x0000000705400000, 0x0000000705400000, 0x0000000705600000|  0%| F|  |TAMS 0x0000000705400000| PB 0x0000000705400000| Untracked 
|  16|0x0000000705600000, 0x0000000705600000, 0x0000000705800000|  0%| F|  |TAMS 0x0000000705600000| PB 0x0000000705600000| Untracked 
|  17|0x0000000705800000, 0x0000000705800000, 0x0000000705a00000|  0%| F|  |TAMS 0x0000000705800000| PB 0x0000000705800000| Untracked 
|  18|0x0000000705a00000, 0x0000000705a00000, 0x0000000705c00000|  0%| F|  |TAMS 0x0000000705a00000| PB 0x0000000705a00000| Untracked 
|  19|0x0000000705c00000, 0x0000000705c00000, 0x0000000705e00000|  0%| F|  |TAMS 0x0000000705c00000| PB 0x0000000705c00000| Untracked 
|  20|0x0000000705e00000, 0x0000000705e00000, 0x0000000706000000|  0%| F|  |TAMS 0x0000000705e00000| PB 0x0000000705e00000| Untracked 
|  21|0x0000000706000000, 0x0000000706000000, 0x0000000706200000|  0%| F|  |TAMS 0x0000000706000000| PB 0x0000000706000000| Untracked 
|  22|0x0000000706200000, 0x0000000706200000, 0x0000000706400000|  0%| F|  |TAMS 0x0000000706200000| PB 0x0000000706200000| Untracked 
|  23|0x0000000706400000, 0x0000000706400000, 0x0000000706600000|  0%| F|  |TAMS 0x0000000706400000| PB 0x0000000706400000| Untracked 
|  24|0x0000000706600000, 0x0000000706600000, 0x0000000706800000|  0%| F|  |TAMS 0x0000000706600000| PB 0x0000000706600000| Untracked 
|  25|0x0000000706800000, 0x0000000706800000, 0x0000000706a00000|  0%| F|  |TAMS 0x0000000706800000| PB 0x0000000706800000| Untracked 
|  26|0x0000000706a00000, 0x0000000706a00000, 0x0000000706c00000|  0%| F|  |TAMS 0x0000000706a00000| PB 0x0000000706a00000| Untracked 
|  27|0x0000000706c00000, 0x0000000706c00000, 0x0000000706e00000|  0%| F|  |TAMS 0x0000000706c00000| PB 0x0000000706c00000| Untracked 
|  28|0x0000000706e00000, 0x0000000706e00000, 0x0000000707000000|  0%| F|  |TAMS 0x0000000706e00000| PB 0x0000000706e00000| Untracked 
|  29|0x0000000707000000, 0x0000000707000000, 0x0000000707200000|  0%| F|  |TAMS 0x0000000707000000| PB 0x0000000707000000| Untracked 
|  30|0x0000000707200000, 0x0000000707200000, 0x0000000707400000|  0%| F|  |TAMS 0x0000000707200000| PB 0x0000000707200000| Untracked 
|  31|0x0000000707400000, 0x0000000707400000, 0x0000000707600000|  0%| F|  |TAMS 0x0000000707400000| PB 0x0000000707400000| Untracked 
|  32|0x0000000707600000, 0x0000000707600000, 0x0000000707800000|  0%| F|  |TAMS 0x0000000707600000| PB 0x0000000707600000| Untracked 
|  33|0x0000000707800000, 0x0000000707800000, 0x0000000707a00000|  0%| F|  |TAMS 0x0000000707800000| PB 0x0000000707800000| Untracked 
|  34|0x0000000707a00000, 0x0000000707a00000, 0x0000000707c00000|  0%| F|  |TAMS 0x0000000707a00000| PB 0x0000000707a00000| Untracked 
|  35|0x0000000707c00000, 0x0000000707c00000, 0x0000000707e00000|  0%| F|  |TAMS 0x0000000707c00000| PB 0x0000000707c00000| Untracked 
|  36|0x0000000707e00000, 0x0000000707e00000, 0x0000000708000000|  0%| F|  |TAMS 0x0000000707e00000| PB 0x0000000707e00000| Untracked 
|  37|0x0000000708000000, 0x0000000708000000, 0x0000000708200000|  0%| F|  |TAMS 0x0000000708000000| PB 0x0000000708000000| Untracked 
|  38|0x0000000708200000, 0x0000000708200000, 0x0000000708400000|  0%| F|  |TAMS 0x0000000708200000| PB 0x0000000708200000| Untracked 
|  39|0x0000000708400000, 0x0000000708400000, 0x0000000708600000|  0%| F|  |TAMS 0x0000000708400000| PB 0x0000000708400000| Untracked 
|  40|0x0000000708600000, 0x0000000708600000, 0x0000000708800000|  0%| F|  |TAMS 0x0000000708600000| PB 0x0000000708600000| Untracked 
|  41|0x0000000708800000, 0x0000000708800000, 0x0000000708a00000|  0%| F|  |TAMS 0x0000000708800000| PB 0x0000000708800000| Untracked 
|  42|0x0000000708a00000, 0x0000000708a00000, 0x0000000708c00000|  0%| F|  |TAMS 0x0000000708a00000| PB 0x0000000708a00000| Untracked 
|  43|0x0000000708c00000, 0x0000000708c00000, 0x0000000708e00000|  0%| F|  |TAMS 0x0000000708c00000| PB 0x0000000708c00000| Untracked 
|  44|0x0000000708e00000, 0x0000000708e00000, 0x0000000709000000|  0%| F|  |TAMS 0x0000000708e00000| PB 0x0000000708e00000| Untracked 
|  45|0x0000000709000000, 0x0000000709000000, 0x0000000709200000|  0%| F|  |TAMS 0x0000000709000000| PB 0x0000000709000000| Untracked 
|  46|0x0000000709200000, 0x0000000709200000, 0x0000000709400000|  0%| F|  |TAMS 0x0000000709200000| PB 0x0000000709200000| Untracked 
|  47|0x0000000709400000, 0x0000000709400000, 0x0000000709600000|  0%| F|  |TAMS 0x0000000709400000| PB 0x0000000709400000| Untracked 
|  48|0x0000000709600000, 0x0000000709600000, 0x0000000709800000|  0%| F|  |TAMS 0x0000000709600000| PB 0x0000000709600000| Untracked 
|  49|0x0000000709800000, 0x0000000709800000, 0x0000000709a00000|  0%| F|  |TAMS 0x0000000709800000| PB 0x0000000709800000| Untracked 
|  50|0x0000000709a00000, 0x0000000709a00000, 0x0000000709c00000|  0%| F|  |TAMS 0x0000000709a00000| PB 0x0000000709a00000| Untracked 
|  51|0x0000000709c00000, 0x0000000709c00000, 0x0000000709e00000|  0%| F|  |TAMS 0x0000000709c00000| PB 0x0000000709c00000| Untracked 
|  52|0x0000000709e00000, 0x0000000709e00000, 0x000000070a000000|  0%| F|  |TAMS 0x0000000709e00000| PB 0x0000000709e00000| Untracked 
|  53|0x000000070a000000, 0x000000070a000000, 0x000000070a200000|  0%| F|  |TAMS 0x000000070a000000| PB 0x000000070a000000| Untracked 
|  54|0x000000070a200000, 0x000000070a200000, 0x000000070a400000|  0%| F|  |TAMS 0x000000070a200000| PB 0x000000070a200000| Untracked 
|  55|0x000000070a400000, 0x000000070a400000, 0x000000070a600000|  0%| F|  |TAMS 0x000000070a400000| PB 0x000000070a400000| Untracked 
|  56|0x000000070a600000, 0x000000070a600000, 0x000000070a800000|  0%| F|  |TAMS 0x000000070a600000| PB 0x000000070a600000| Untracked 
|  57|0x000000070a800000, 0x000000070a800000, 0x000000070aa00000|  0%| F|  |TAMS 0x000000070a800000| PB 0x000000070a800000| Untracked 
|  58|0x000000070aa00000, 0x000000070aa00000, 0x000000070ac00000|  0%| F|  |TAMS 0x000000070aa00000| PB 0x000000070aa00000| Untracked 
|  59|0x000000070ac00000, 0x000000070ac00000, 0x000000070ae00000|  0%| F|  |TAMS 0x000000070ac00000| PB 0x000000070ac00000| Untracked 
|  60|0x000000070ae00000, 0x000000070ae00000, 0x000000070b000000|  0%| F|  |TAMS 0x000000070ae00000| PB 0x000000070ae00000| Untracked 
|  61|0x000000070b000000, 0x000000070b000000, 0x000000070b200000|  0%| F|  |TAMS 0x000000070b000000| PB 0x000000070b000000| Untracked 
|  62|0x000000070b200000, 0x000000070b200000, 0x000000070b400000|  0%| F|  |TAMS 0x000000070b200000| PB 0x000000070b200000| Untracked 
|  63|0x000000070b400000, 0x000000070b400000, 0x000000070b600000|  0%| F|  |TAMS 0x000000070b400000| PB 0x000000070b400000| Untracked 
|  64|0x000000070b600000, 0x000000070b600000, 0x000000070b800000|  0%| F|  |TAMS 0x000000070b600000| PB 0x000000070b600000| Untracked 
|  65|0x000000070b800000, 0x000000070b800000, 0x000000070ba00000|  0%| F|  |TAMS 0x000000070b800000| PB 0x000000070b800000| Untracked 
|  66|0x000000070ba00000, 0x000000070ba00000, 0x000000070bc00000|  0%| F|  |TAMS 0x000000070ba00000| PB 0x000000070ba00000| Untracked 
|  67|0x000000070bc00000, 0x000000070bc00000, 0x000000070be00000|  0%| F|  |TAMS 0x000000070bc00000| PB 0x000000070bc00000| Untracked 
|  68|0x000000070be00000, 0x000000070be00000, 0x000000070c000000|  0%| F|  |TAMS 0x000000070be00000| PB 0x000000070be00000| Untracked 
|  69|0x000000070c000000, 0x000000070c000000, 0x000000070c200000|  0%| F|  |TAMS 0x000000070c000000| PB 0x000000070c000000| Untracked 
|  70|0x000000070c200000, 0x000000070c200000, 0x000000070c400000|  0%| F|  |TAMS 0x000000070c200000| PB 0x000000070c200000| Untracked 
|  71|0x000000070c400000, 0x000000070c400000, 0x000000070c600000|  0%| F|  |TAMS 0x000000070c400000| PB 0x000000070c400000| Untracked 
|  72|0x000000070c600000, 0x000000070c600000, 0x000000070c800000|  0%| F|  |TAMS 0x000000070c600000| PB 0x000000070c600000| Untracked 
|  73|0x000000070c800000, 0x000000070c800000, 0x000000070ca00000|  0%| F|  |TAMS 0x000000070c800000| PB 0x000000070c800000| Untracked 
|  74|0x000000070ca00000, 0x000000070ca00000, 0x000000070cc00000|  0%| F|  |TAMS 0x000000070ca00000| PB 0x000000070ca00000| Untracked 
|  75|0x000000070cc00000, 0x000000070cc00000, 0x000000070ce00000|  0%| F|  |TAMS 0x000000070cc00000| PB 0x000000070cc00000| Untracked 
|  76|0x000000070ce00000, 0x000000070ce00000, 0x000000070d000000|  0%| F|  |TAMS 0x000000070ce00000| PB 0x000000070ce00000| Untracked 
|  77|0x000000070d000000, 0x000000070d000000, 0x000000070d200000|  0%| F|  |TAMS 0x000000070d000000| PB 0x000000070d000000| Untracked 
|  78|0x000000070d200000, 0x000000070d200000, 0x000000070d400000|  0%| F|  |TAMS 0x000000070d200000| PB 0x000000070d200000| Untracked 
|  79|0x000000070d400000, 0x000000070d400000, 0x000000070d600000|  0%| F|  |TAMS 0x000000070d400000| PB 0x000000070d400000| Untracked 
|  80|0x000000070d600000, 0x000000070d600000, 0x000000070d800000|  0%| F|  |TAMS 0x000000070d600000| PB 0x000000070d600000| Untracked 
|  81|0x000000070d800000, 0x000000070d800000, 0x000000070da00000|  0%| F|  |TAMS 0x000000070d800000| PB 0x000000070d800000| Untracked 
|  82|0x000000070da00000, 0x000000070da00000, 0x000000070dc00000|  0%| F|  |TAMS 0x000000070da00000| PB 0x000000070da00000| Untracked 
|  83|0x000000070dc00000, 0x000000070dc00000, 0x000000070de00000|  0%| F|  |TAMS 0x000000070dc00000| PB 0x000000070dc00000| Untracked 
|  84|0x000000070de00000, 0x000000070de00000, 0x000000070e000000|  0%| F|  |TAMS 0x000000070de00000| PB 0x000000070de00000| Untracked 
|  85|0x000000070e000000, 0x000000070e000000, 0x000000070e200000|  0%| F|  |TAMS 0x000000070e000000| PB 0x000000070e000000| Untracked 
|  86|0x000000070e200000, 0x000000070e200000, 0x000000070e400000|  0%| F|  |TAMS 0x000000070e200000| PB 0x000000070e200000| Untracked 
|  87|0x000000070e400000, 0x000000070e400000, 0x000000070e600000|  0%| F|  |TAMS 0x000000070e400000| PB 0x000000070e400000| Untracked 
|  88|0x000000070e600000, 0x000000070e600000, 0x000000070e800000|  0%| F|  |TAMS 0x000000070e600000| PB 0x000000070e600000| Untracked 
|  89|0x000000070e800000, 0x000000070e800000, 0x000000070ea00000|  0%| F|  |TAMS 0x000000070e800000| PB 0x000000070e800000| Untracked 
|  90|0x000000070ea00000, 0x000000070ea00000, 0x000000070ec00000|  0%| F|  |TAMS 0x000000070ea00000| PB 0x000000070ea00000| Untracked 
|  91|0x000000070ec00000, 0x000000070ec00000, 0x000000070ee00000|  0%| F|  |TAMS 0x000000070ec00000| PB 0x000000070ec00000| Untracked 
|  92|0x000000070ee00000, 0x000000070ee00000, 0x000000070f000000|  0%| F|  |TAMS 0x000000070ee00000| PB 0x000000070ee00000| Untracked 
|  93|0x000000070f000000, 0x000000070f000000, 0x000000070f200000|  0%| F|  |TAMS 0x000000070f000000| PB 0x000000070f000000| Untracked 
|  94|0x000000070f200000, 0x000000070f200000, 0x000000070f400000|  0%| F|  |TAMS 0x000000070f200000| PB 0x000000070f200000| Untracked 
|  95|0x000000070f400000, 0x000000070f400000, 0x000000070f600000|  0%| F|  |TAMS 0x000000070f400000| PB 0x000000070f400000| Untracked 
|  96|0x000000070f600000, 0x000000070f600000, 0x000000070f800000|  0%| F|  |TAMS 0x000000070f600000| PB 0x000000070f600000| Untracked 
|  97|0x000000070f800000, 0x000000070f800000, 0x000000070fa00000|  0%| F|  |TAMS 0x000000070f800000| PB 0x000000070f800000| Untracked 
|  98|0x000000070fa00000, 0x000000070fa00000, 0x000000070fc00000|  0%| F|  |TAMS 0x000000070fa00000| PB 0x000000070fa00000| Untracked 
|  99|0x000000070fc00000, 0x000000070fc00000, 0x000000070fe00000|  0%| F|  |TAMS 0x000000070fc00000| PB 0x000000070fc00000| Untracked 
| 100|0x000000070fe00000, 0x000000070fe00000, 0x0000000710000000|  0%| F|  |TAMS 0x000000070fe00000| PB 0x000000070fe00000| Untracked 
| 101|0x0000000710000000, 0x0000000710000000, 0x0000000710200000|  0%| F|  |TAMS 0x0000000710000000| PB 0x0000000710000000| Untracked 
| 102|0x0000000710200000, 0x0000000710200000, 0x0000000710400000|  0%| F|  |TAMS 0x0000000710200000| PB 0x0000000710200000| Untracked 
| 103|0x0000000710400000, 0x0000000710400000, 0x0000000710600000|  0%| F|  |TAMS 0x0000000710400000| PB 0x0000000710400000| Untracked 
| 104|0x0000000710600000, 0x0000000710600000, 0x0000000710800000|  0%| F|  |TAMS 0x0000000710600000| PB 0x0000000710600000| Untracked 
| 105|0x0000000710800000, 0x0000000710800000, 0x0000000710a00000|  0%| F|  |TAMS 0x0000000710800000| PB 0x0000000710800000| Untracked 
| 106|0x0000000710a00000, 0x0000000710a00000, 0x0000000710c00000|  0%| F|  |TAMS 0x0000000710a00000| PB 0x0000000710a00000| Untracked 
| 107|0x0000000710c00000, 0x0000000710c00000, 0x0000000710e00000|  0%| F|  |TAMS 0x0000000710c00000| PB 0x0000000710c00000| Untracked 
| 108|0x0000000710e00000, 0x0000000710e00000, 0x0000000711000000|  0%| F|  |TAMS 0x0000000710e00000| PB 0x0000000710e00000| Untracked 
| 109|0x0000000711000000, 0x0000000711000000, 0x0000000711200000|  0%| F|  |TAMS 0x0000000711000000| PB 0x0000000711000000| Untracked 
| 110|0x0000000711200000, 0x0000000711200000, 0x0000000711400000|  0%| F|  |TAMS 0x0000000711200000| PB 0x0000000711200000| Untracked 
| 111|0x0000000711400000, 0x0000000711400000, 0x0000000711600000|  0%| F|  |TAMS 0x0000000711400000| PB 0x0000000711400000| Untracked 
| 112|0x0000000711600000, 0x0000000711600000, 0x0000000711800000|  0%| F|  |TAMS 0x0000000711600000| PB 0x0000000711600000| Untracked 
| 113|0x0000000711800000, 0x0000000711800000, 0x0000000711a00000|  0%| F|  |TAMS 0x0000000711800000| PB 0x0000000711800000| Untracked 
| 114|0x0000000711a00000, 0x0000000711bbce78, 0x0000000711c00000| 86%| S|CS|TAMS 0x0000000711a00000| PB 0x0000000711a00000| Complete 
| 115|0x0000000711c00000, 0x0000000711e00000, 0x0000000711e00000|100%| S|CS|TAMS 0x0000000711c00000| PB 0x0000000711c00000| Complete 
| 116|0x0000000711e00000, 0x0000000711e00000, 0x0000000712000000|  0%| F|  |TAMS 0x0000000711e00000| PB 0x0000000711e00000| Untracked 
| 117|0x0000000712000000, 0x0000000712000000, 0x0000000712200000|  0%| F|  |TAMS 0x0000000712000000| PB 0x0000000712000000| Untracked 
| 118|0x0000000712200000, 0x0000000712200000, 0x0000000712400000|  0%| F|  |TAMS 0x0000000712200000| PB 0x0000000712200000| Untracked 
| 119|0x0000000712400000, 0x0000000712400000, 0x0000000712600000|  0%| F|  |TAMS 0x0000000712400000| PB 0x0000000712400000| Untracked 
| 120|0x0000000712600000, 0x0000000712600000, 0x0000000712800000|  0%| F|  |TAMS 0x0000000712600000| PB 0x0000000712600000| Untracked 
| 121|0x0000000712800000, 0x0000000712800000, 0x0000000712a00000|  0%| F|  |TAMS 0x0000000712800000| PB 0x0000000712800000| Untracked 
| 122|0x0000000712a00000, 0x0000000712a00000, 0x0000000712c00000|  0%| F|  |TAMS 0x0000000712a00000| PB 0x0000000712a00000| Untracked 
| 123|0x0000000712c00000, 0x0000000712c00000, 0x0000000712e00000|  0%| F|  |TAMS 0x0000000712c00000| PB 0x0000000712c00000| Untracked 
| 124|0x0000000712e00000, 0x0000000712e00000, 0x0000000713000000|  0%| F|  |TAMS 0x0000000712e00000| PB 0x0000000712e00000| Untracked 
| 125|0x0000000713000000, 0x0000000713175480, 0x0000000713200000| 72%| E|  |TAMS 0x0000000713000000| PB 0x0000000713000000| Complete 
| 126|0x0000000713200000, 0x0000000713400000, 0x0000000713400000|100%| E|CS|TAMS 0x0000000713200000| PB 0x0000000713200000| Complete 

Card table byte_map: [0x0000018cfc980000,0x0000018cfd170000] _byte_map_base: 0x0000018cf9165000

Marking Bits: (CMBitMap*) 0x0000018cf179a140
 Bits: [0x0000018c8f000000, 0x0000018c92f28000)

Polling page: 0x0000018cf1910000

Metaspace:

Usage:
  Non-class:      7.07 MB used.
      Class:    885.83 KB used.
       Both:      7.94 MB used.

Virtual space:
  Non-class space:       64.00 MB reserved,       7.25 MB ( 11%) committed,  1 nodes.
      Class space:        1.00 GB reserved,       1.00 MB ( <1%) committed,  1 nodes.
             Both:        1.06 GB reserved,       8.25 MB ( <1%) committed. 

Chunk freelists:
   Non-Class:  8.67 MB
       Class:  14.98 MB
        Both:  23.65 MB

MaxMetaspaceSize: unlimited
CompressedClassSpaceSize: 1.00 GB
Initial GC threshold: 21.00 MB
Current GC threshold: 21.00 MB
CDS: on
 - commit_granule_bytes: 65536.
 - commit_granule_words: 8192.
 - virtual_space_node_default_size: 8388608.
 - enlarge_chunks_in_place: 1.
 - use_allocation_guard: 0.


Internal statistics:

num_allocs_failed_limit: 0.
num_arena_births: 246.
num_arena_deaths: 0.
num_vsnodes_births: 2.
num_vsnodes_deaths: 0.
num_space_committed: 132.
num_space_uncommitted: 0.
num_chunks_returned_to_freelist: 0.
num_chunks_taken_from_freelist: 377.
num_chunk_merges: 0.
num_chunk_splits: 223.
num_chunks_enlarged: 94.
num_inconsistent_stats: 0.

CodeHeap 'non-profiled nmethods': size=120000Kb used=600Kb max_used=600Kb free=119400Kb
 bounds [0x0000018c87ad0000, 0x0000018c87d40000, 0x0000018c8f000000]
CodeHeap 'profiled nmethods': size=120000Kb used=2236Kb max_used=2236Kb free=117763Kb
 bounds [0x0000018c80000000, 0x0000018c80270000, 0x0000018c87530000]
CodeHeap 'non-nmethods': size=5760Kb used=1597Kb max_used=1622Kb free=4162Kb
 bounds [0x0000018c87530000, 0x0000018c877a0000, 0x0000018c87ad0000]
 total_blobs=1967 nmethods=1435 adapters=437
 compilation: enabled
              stopped_count=0, restarted_count=0
 full_count=0

Compilation events (20 events):
Event: 0.598 Thread 0x0000018cd8160090 nmethod 1300 0x0000018c80201990 code [0x0000018c80201b40, 0x0000018c80201c88]
Event: 0.598 Thread 0x0000018cd8160090 1301  s    3       sun.nio.fs.WindowsDirectoryStream$WindowsDirectoryIterator::next (48 bytes)
Event: 0.598 Thread 0x0000018cd8160090 nmethod 1301 0x0000018c80201d10 code [0x0000018c80201ee0, 0x0000018c80202268]
Event: 0.598 Thread 0x0000018cd8160090 1294  s    3       sun.nio.fs.WindowsDirectoryStream$WindowsDirectoryIterator::hasNext (35 bytes)
Event: 0.598 Thread 0x0000018cd8160090 nmethod 1294 0x0000018c80202390 code [0x0000018c80202540, 0x0000018c80202898]
Event: 0.598 Thread 0x0000018cd8160090 1306       3       java.nio.file.Files$AcceptAllFilter::accept (9 bytes)
Event: 0.598 Thread 0x0000018cd8160090 nmethod 1306 0x0000018c80202990 code [0x0000018c80202b40, 0x0000018c80202dc0]
Event: 0.598 Thread 0x0000018cd8160090 1303       1       java.util.concurrent.atomic.AtomicLong::get (5 bytes)
Event: 0.599 Thread 0x0000018cd8160090 nmethod 1303 0x0000018c87b56390 code [0x0000018c87b56520, 0x0000018c87b565f0]
Event: 0.599 Thread 0x0000018cd8160090 1293       3       sun.nio.fs.WindowsPath::getFileName (87 bytes)
Event: 0.599 Thread 0x0000018cd8160090 nmethod 1293 0x0000018c80202e90 code [0x0000018c80203160, 0x0000018c80204040]
Event: 0.599 Thread 0x0000018cd8160090 1310       2       java.lang.Integer::rotateRight (9 bytes)
Event: 0.600 Thread 0x0000018cd8160090 nmethod 1310 0x0000018c80204510 code [0x0000018c802046a0, 0x0000018c80204798]
Event: 0.605 Thread 0x0000018cd8160090 1311       3       java.lang.invoke.TypeConvertingMethodAdapter::cast (42 bytes)
Event: 0.605 Thread 0x0000018cd8160090 nmethod 1311 0x0000018c80204810 code [0x0000018c80204a00, 0x0000018c80204e80]
Event: 0.606 Thread 0x0000018cd8160090 1312       3       java.security.AccessController::doPrivileged (9 bytes)
Event: 0.606 Thread 0x0000018cd8160090 nmethod 1312 0x0000018c80205010 code [0x0000018c802051e0, 0x0000018c80205520]
Event: 0.607 Thread 0x0000018cd8160090 1313   !   3       java.lang.invoke.MethodHandleNatives::linkMethodHandleConstant (50 bytes)
Event: 0.607 Thread 0x0000018cd8160090 nmethod 1313 0x0000018c80205690 code [0x0000018c80205860, 0x0000018c80205a68]
Event: 0.607 Thread 0x0000018cd8160090 1314       3       java.lang.invoke.MethodHandles$Lookup::linkMethodHandleConstant (223 bytes)

GC Heap History (2 events):
Event: 0.575 GC heap before
{Heap before GC invocations=0 (full 0):
 garbage-first heap   total 260096K, used 22528K [0x0000000703600000, 0x0000000800000000)
  region size 2048K, 11 young (22528K), 0 survivors (0K)
 Metaspace       used 6788K, committed 7040K, reserved 1114112K
  class space    used 725K, committed 832K, reserved 1048576K
}
Event: 0.579 GC heap after
{Heap after GC invocations=1 (full 0):
 garbage-first heap   total 260096K, used 3827K [0x0000000703600000, 0x0000000800000000)
  region size 2048K, 2 young (4096K), 2 survivors (4096K)
 Metaspace       used 6788K, committed 7040K, reserved 1114112K
  class space    used 725K, committed 832K, reserved 1048576K
}

Dll operation events (20 events):
Event: 0.383 Loaded shared library C:\Program Files\OpenJDK\jdk-21\bin\api-ms-win-crt-filesystem-l1-1-0.dll
Event: 0.387 Loaded shared library C:\Program Files\OpenJDK\jdk-21\bin\api-ms-win-crt-heap-l1-1-0.dll
Event: 0.390 Loaded shared library C:\Program Files\OpenJDK\jdk-21\bin\api-ms-win-crt-locale-l1-1-0.dll
Event: 0.393 Loaded shared library C:\Program Files\OpenJDK\jdk-21\bin\api-ms-win-crt-math-l1-1-0.dll
Event: 0.396 Loaded shared library C:\Program Files\OpenJDK\jdk-21\bin\api-ms-win-crt-multibyte-l1-1-0.dll
Event: 0.399 Loaded shared library C:\Program Files\OpenJDK\jdk-21\bin\api-ms-win-crt-private-l1-1-0.dll
Event: 0.402 Loaded shared library C:\Program Files\OpenJDK\jdk-21\bin\api-ms-win-crt-process-l1-1-0.dll
Event: 0.405 Loaded shared library C:\Program Files\OpenJDK\jdk-21\bin\api-ms-win-crt-runtime-l1-1-0.dll
Event: 0.409 Loaded shared library C:\Program Files\OpenJDK\jdk-21\bin\api-ms-win-crt-stdio-l1-1-0.dll
Event: 0.412 Loaded shared library C:\Program Files\OpenJDK\jdk-21\bin\api-ms-win-crt-string-l1-1-0.dll
Event: 0.415 Loaded shared library C:\Program Files\OpenJDK\jdk-21\bin\api-ms-win-crt-time-l1-1-0.dll
Event: 0.418 Loaded shared library C:\Program Files\OpenJDK\jdk-21\bin\api-ms-win-crt-utility-l1-1-0.dll
Event: 0.426 Loaded shared library C:\Program Files\OpenJDK\jdk-21\bin\ucrtbase.dll
Event: 0.428 Loaded shared library C:\Program Files\OpenJDK\jdk-21\bin\vcruntime140.dll
Event: 0.429 Loaded shared library C:\Program Files\OpenJDK\jdk-21\bin\vcruntime140_1.dll
Event: 0.430 Loaded shared library C:\Program Files\OpenJDK\jdk-21\bin\msvcp140.dll
Event: 0.439 Loaded shared library C:\Windows\System32\msvcp140_1.dll
Event: 0.451 Loaded shared library C:\Windows\System32\msvcp140_2.dll
Event: 0.507 Loaded shared library D:\javafx-sdk-24\bin\prism_d3d.dll
Event: 0.565 Loaded shared library D:\javafx-sdk-24\bin\glass.dll

Deoptimization events (20 events):
Event: 0.552 Thread 0x0000018cf16d5ea0 Uncommon trap: trap_request=0xffffffc6 fr.pc=0x0000018c87b225e0 relative=0x0000000000001280
Event: 0.552 Thread 0x0000018cf16d5ea0 Uncommon trap: reason=bimorphic_or_optimized_type_check action=maybe_recompile pc=0x0000018c87b225e0 method=java.util.HashMap.putVal(ILjava/lang/Object;Ljava/lang/Object;ZZ)Ljava/lang/Object; @ 56 c2
Event: 0.553 Thread 0x0000018cf16d5ea0 DEOPT PACKING pc=0x0000018c87b225e0 sp=0x00000016937fd7d0
Event: 0.553 Thread 0x0000018cf16d5ea0 DEOPT UNPACKING pc=0x0000018c87587da2 sp=0x00000016937fd700 mode 2
Event: 0.553 Thread 0x0000018cf16d5ea0 Uncommon trap: trap_request=0xffffffc6 fr.pc=0x0000018c87b225e0 relative=0x0000000000001280
Event: 0.553 Thread 0x0000018cf16d5ea0 Uncommon trap: reason=bimorphic_or_optimized_type_check action=maybe_recompile pc=0x0000018c87b225e0 method=java.util.HashMap.putVal(ILjava/lang/Object;Ljava/lang/Object;ZZ)Ljava/lang/Object; @ 56 c2
Event: 0.553 Thread 0x0000018cf16d5ea0 DEOPT PACKING pc=0x0000018c87b225e0 sp=0x00000016937fd7d0
Event: 0.553 Thread 0x0000018cf16d5ea0 DEOPT UNPACKING pc=0x0000018c87587da2 sp=0x00000016937fd700 mode 2
Event: 0.553 Thread 0x0000018cf16d5ea0 Uncommon trap: trap_request=0xffffffc6 fr.pc=0x0000018c87b22bfc relative=0x000000000000189c
Event: 0.553 Thread 0x0000018cf16d5ea0 Uncommon trap: reason=bimorphic_or_optimized_type_check action=maybe_recompile pc=0x0000018c87b22bfc method=java.util.HashMap.putVal(ILjava/lang/Object;Ljava/lang/Object;ZZ)Ljava/lang/Object; @ 152 c2
Event: 0.553 Thread 0x0000018cf16d5ea0 DEOPT PACKING pc=0x0000018c87b22bfc sp=0x00000016937fd7d0
Event: 0.553 Thread 0x0000018cf16d5ea0 DEOPT UNPACKING pc=0x0000018c87587da2 sp=0x00000016937fd708 mode 2
Event: 0.553 Thread 0x0000018cf16d5ea0 Uncommon trap: trap_request=0xffffffc6 fr.pc=0x0000018c87b225e0 relative=0x0000000000001280
Event: 0.553 Thread 0x0000018cf16d5ea0 Uncommon trap: reason=bimorphic_or_optimized_type_check action=maybe_recompile pc=0x0000018c87b225e0 method=java.util.HashMap.putVal(ILjava/lang/Object;Ljava/lang/Object;ZZ)Ljava/lang/Object; @ 56 c2
Event: 0.553 Thread 0x0000018cf16d5ea0 DEOPT PACKING pc=0x0000018c87b225e0 sp=0x00000016937fd7d0
Event: 0.553 Thread 0x0000018cf16d5ea0 DEOPT UNPACKING pc=0x0000018c87587da2 sp=0x00000016937fd700 mode 2
Event: 0.595 Thread 0x0000018cffbd2b60 Uncommon trap: trap_request=0xffffff45 fr.pc=0x0000018c87b4c698 relative=0x00000000000000f8
Event: 0.595 Thread 0x0000018cffbd2b60 Uncommon trap: reason=unstable_if action=reinterpret pc=0x0000018c87b4c698 method=java.lang.ref.SoftReference.get()Ljava/lang/Object; @ 17 c2
Event: 0.595 Thread 0x0000018cffbd2b60 DEOPT PACKING pc=0x0000018c87b4c698 sp=0x00000016942fc320
Event: 0.595 Thread 0x0000018cffbd2b60 DEOPT UNPACKING pc=0x0000018c87587da2 sp=0x00000016942fc2d0 mode 2

Classes loaded (20 events):
Event: 0.582 Loading class java/lang/NumberFormatException done
Event: 0.596 Loading class sun/security/provider/AbstractDrbg$NonceProvider
Event: 0.596 Loading class sun/security/provider/AbstractDrbg$NonceProvider done
Event: 0.596 Loading class sun/security/provider/SHA2$SHA256
Event: 0.596 Loading class sun/security/provider/SHA2
Event: 0.596 Loading class sun/security/provider/SHA2 done
Event: 0.596 Loading class sun/security/provider/SHA2$SHA256 done
Event: 0.599 Loading class sun/rmi/transport/tcp/TCPEndpoint
Event: 0.599 Loading class sun/rmi/transport/Endpoint
Event: 0.599 Loading class sun/rmi/transport/Endpoint done
Event: 0.599 Loading class sun/rmi/transport/tcp/TCPEndpoint done
Event: 0.604 Loading class java/net/InetAddress$CachedLocalHost
Event: 0.605 Loading class java/net/InetAddress$CachedLocalHost done
Event: 0.605 Loading class sun/rmi/transport/tcp/TCPTransport
Event: 0.605 Loading class sun/rmi/transport/Transport
Event: 0.605 Loading class sun/rmi/transport/Transport done
Event: 0.605 Loading class sun/rmi/transport/tcp/TCPTransport done
Event: 0.608 Loading class java/util/concurrent/SynchronousQueue
Event: 0.608 Loading class java/util/concurrent/SynchronousQueue done
Event: 0.608 Loading class java/util/concurrent/SynchronousQueue$TransferStack

Classes unloaded (0 events):
No events

Classes redefined (0 events):
No events

Internal exceptions (18 events):
Event: 0.094 Thread 0x0000018cf16d5ea0 Exception <a 'sun/nio/fs/WindowsException'{0x0000000713077cb8}> (0x0000000713077cb8) 
thrown [s\open\src\hotspot\share\prims\jni.cpp, line 520]
Event: 0.198 Thread 0x0000018cf16d5ea0 Exception <a 'java/lang/NoSuchMethodError'{0x0000000712a50238}: 'void java.lang.invoke.DirectMethodHandle$Holder.invokeStatic(java.lang.Object, java.lang.Object, java.lang.Object)'> (0x0000000712a50238) 
thrown [s\open\src\hotspot\share\interpreter\linkResolver.cpp, line 773]
Event: 0.204 Thread 0x0000018cf16d5ea0 Exception <a 'java/lang/NoSuchMethodError'{0x0000000712a66c38}: 'java.lang.Object java.lang.invoke.Invokers$Holder.invokeExact_MT(java.lang.Object, java.lang.Object, java.lang.Object, java.lang.Object, java.lang.Object)'> (0x0000000712a66c38) 
thrown [s\open\src\hotspot\share\interpreter\linkResolver.cpp, line 773]
Event: 0.218 Thread 0x0000018cf16d5ea0 Exception <a 'java/lang/NoSuchMethodError'{0x0000000712b6e900}: 'void java.lang.invoke.DirectMethodHandle$Holder.invokeStatic(java.lang.Object, java.lang.Object, java.lang.Object, java.lang.Object)'> (0x0000000712b6e900) 
thrown [s\open\src\hotspot\share\interpreter\linkResolver.cpp, line 773]
Event: 0.219 Thread 0x0000018cf16d5ea0 Exception <a 'java/lang/NoSuchMethodError'{0x0000000712b72388}: 'void java.lang.invoke.DirectMethodHandle$Holder.invokeSpecial(java.lang.Object, java.lang.Object, java.lang.Object, java.lang.Object, java.lang.Object)'> (0x0000000712b72388) 
thrown [s\open\src\hotspot\share\interpreter\linkResolver.cpp, line 773]
Event: 0.222 Thread 0x0000018cd8aaf420 Exception <a 'java/lang/NoSuchMethodError'{0x0000000712ad23d8}: 'void java.lang.invoke.DirectMethodHandle$Holder.invokeStatic(java.lang.Object, java.lang.Object)'> (0x0000000712ad23d8) 
thrown [s\open\src\hotspot\share\interpreter\linkResolver.cpp, line 773]
Event: 0.223 Thread 0x0000018cf16d5ea0 Exception <a 'java/lang/NoSuchMethodError'{0x0000000712b83d68}: 'java.lang.Object java.lang.invoke.Invokers$Holder.invokeExact_MT(java.lang.Object, java.lang.Object, java.lang.Object, java.lang.Object, java.lang.Object, java.lang.Object)'> (0x0000000712b83d68) 
thrown [s\open\src\hotspot\share\interpreter\linkResolver.cpp, line 773]
Event: 0.315 Thread 0x0000018cffbd2b60 Exception <a 'java/lang/NoSuchMethodError'{0x00000007126f8be8}: 'int java.lang.invoke.DirectMethodHandle$Holder.invokeInterface(java.lang.Object, java.lang.Object)'> (0x00000007126f8be8) 
thrown [s\open\src\hotspot\share\interpreter\linkResolver.cpp, line 773]
Event: 0.316 Thread 0x0000018cffbd2b60 Exception <a 'java/lang/IncompatibleClassChangeError'{0x00000007126fbde8}: Found class java.lang.Object, but interface was expected> (0x00000007126fbde8) 
thrown [s\open\src\hotspot\share\interpreter\linkResolver.cpp, line 840]
Event: 0.372 Thread 0x0000018cffbd2b60 Exception <a 'java/lang/NoSuchMethodError'{0x00000007127b1960}: 'int java.lang.invoke.DirectMethodHandle$Holder.invokeSpecial(java.lang.Object, java.lang.Object, java.lang.Object)'> (0x00000007127b1960) 
thrown [s\open\src\hotspot\share\interpreter\linkResolver.cpp, line 773]
Event: 0.415 Thread 0x0000018cffbd2b60 Exception <a 'java/lang/NoSuchMethodError'{0x00000007124c9960}: 'java.lang.Object java.lang.invoke.DirectMethodHandle$Holder.invokeStaticInit(java.lang.Object, java.lang.Object, java.lang.Object)'> (0x00000007124c9960) 
thrown [s\open\src\hotspot\share\interpreter\linkResolver.cpp, line 773]
Event: 0.475 Thread 0x0000018cf16d5ea0 Exception <a 'java/lang/NoSuchMethodError'{0x0000000712115630}: 'void java.lang.invoke.DirectMethodHandle$Holder.invokeSpecial(java.lang.Object, java.lang.Object, java.lang.Object)'> (0x0000000712115630) 
thrown [s\open\src\hotspot\share\interpreter\linkResolver.cpp, line 773]
Event: 0.537 Thread 0x0000018cf16d5ea0 Exception <a 'java/lang/NoSuchMethodError'{0x0000000712154960}: 'int java.lang.invoke.DirectMethodHandle$Holder.invokeStaticInit(java.lang.Object, java.lang.Object, java.lang.Object)'> (0x0000000712154960) 
thrown [s\open\src\hotspot\share\interpreter\linkResolver.cpp, line 773]
Event: 0.554 Thread 0x0000018cffbd2b60 Exception <a 'java/lang/NoSuchMethodError'{0x0000000711e400f8}: 'java.lang.Object java.lang.invoke.DirectMethodHandle$Holder.invokeStaticInit(java.lang.Object, int, int, int, int)'> (0x0000000711e400f8) 
thrown [s\open\src\hotspot\share\interpreter\linkResolver.cpp, line 773]
Event: 0.565 Thread 0x0000018cf16d5ea0 Exception <a 'java/lang/NoSuchMethodError'{0x0000000711fa24d0}: notifyPreferencesChanged> (0x0000000711fa24d0) 
thrown [s\open\src\hotspot\share\prims\jni.cpp, line 1072]
Event: 0.571 Thread 0x0000018cf16d5ea0 Exception <a 'java/lang/NoSuchMethodError'{0x0000000711fb7598}: 'java.lang.Object java.lang.invoke.DirectMethodHandle$Holder.newInvokeSpecial(java.lang.Object, java.lang.Object, int, java.lang.Object)'> (0x0000000711fb7598) 
thrown [s\open\src\hotspot\share\interpreter\linkResolver.cpp, line 773]
Event: 0.572 Thread 0x0000018cf16d5ea0 Exception <a 'java/lang/NoSuchMethodError'{0x0000000711fbb6f0}: 'java.lang.Object java.lang.invoke.DirectMethodHandle$Holder.invokeSpecial(java.lang.Object, java.lang.Object, java.lang.Object, int, java.lang.Object)'> (0x0000000711fbb6f0) 
thrown [s\open\src\hotspot\share\interpreter\linkResolver.cpp, line 773]
Event: 0.594 Thread 0x0000018cffbd2b60 Exception <a 'java/lang/NoSuchMethodError'{0x00000007133a5090}: 'java.lang.Object java.lang.invoke.DirectMethodHandle$Holder.invokeStaticInit(java.lang.Object, java.lang.Object, int, int, int, int)'> (0x00000007133a5090) 
thrown [s\open\src\hotspot\share\interpreter\linkResolver.cpp, line 773]

ZGC Phase Switch (0 events):
No events

VM Operations (14 events):
Event: 0.099 Executing VM operation: HandshakeAllThreads (Deoptimize)
Event: 0.099 Executing VM operation: HandshakeAllThreads (Deoptimize) done
Event: 0.169 Executing VM operation: HandshakeAllThreads (Deoptimize)
Event: 0.169 Executing VM operation: HandshakeAllThreads (Deoptimize) done
Event: 0.291 Executing VM operation: HandshakeAllThreads (Deoptimize)
Event: 0.291 Executing VM operation: HandshakeAllThreads (Deoptimize) done
Event: 0.472 Executing VM operation: ICBufferFull
Event: 0.472 Executing VM operation: ICBufferFull done
Event: 0.517 Executing VM operation: HandshakeAllThreads (Deoptimize)
Event: 0.517 Executing VM operation: HandshakeAllThreads (Deoptimize) done
Event: 0.551 Executing VM operation: HandshakeAllThreads (Deoptimize)
Event: 0.552 Executing VM operation: HandshakeAllThreads (Deoptimize) done
Event: 0.575 Executing VM operation: G1CollectForAllocation (G1 Evacuation Pause)
Event: 0.579 Executing VM operation: G1CollectForAllocation (G1 Evacuation Pause) done

Events (17 events):
Event: 0.025 Thread 0x0000018cf16d5ea0 Thread added: 0x0000018cf16d5ea0
Event: 0.044 Thread 0x0000018cffbc0bf0 Thread added: 0x0000018cffbc0bf0
Event: 0.044 Thread 0x0000018cffbc1940 Thread added: 0x0000018cffbc1940
Event: 0.044 Thread 0x0000018cffbd1b80 Thread added: 0x0000018cffbd1b80
Event: 0.044 Thread 0x0000018cffbd2b60 Thread added: 0x0000018cffbd2b60
Event: 0.044 Thread 0x0000018cffbd8b20 Thread added: 0x0000018cffbd8b20
Event: 0.044 Thread 0x0000018cffbd3e50 Thread added: 0x0000018cffbd3e50
Event: 0.045 Thread 0x0000018cffbd4e00 Thread added: 0x0000018cffbd4e00
Event: 0.045 Thread 0x0000018cd8160090 Thread added: 0x0000018cd8160090
Event: 0.077 Thread 0x0000018cd825ed60 Thread added: 0x0000018cd825ed60
Event: 0.139 Thread 0x0000018cd8415e00 Thread added: 0x0000018cd8415e00
Event: 0.140 Thread 0x0000018cd82e4ab0 Thread added: 0x0000018cd82e4ab0
Event: 0.208 Thread 0x0000018cd8aaf420 Thread added: 0x0000018cd8aaf420
Event: 0.208 Thread 0x0000018cd8ee91c0 Thread added: 0x0000018cd8ee91c0
Event: 0.486 Thread 0x0000018cd92cb470 Thread added: 0x0000018cd92cb470
Event: 0.569 Thread 0x0000018cd85112c0 Thread added: 0x0000018cd85112c0
Event: 0.575 Thread 0x0000018cd9789010 Thread added: 0x0000018cd9789010


Dynamic libraries:
0x00007ff7cfc70000 - 0x00007ff7cfc7e000 	C:\Program Files\OpenJDK\jdk-21\bin\java.exe
0x00007fff541e0000 - 0x00007fff54440000 	C:\WINDOWS\SYSTEM32\ntdll.dll
0x00007fff53e80000 - 0x00007fff53f47000 	C:\WINDOWS\System32\KERNEL32.DLL
0x00007fff516f0000 - 0x00007fff51aba000 	C:\WINDOWS\System32\KERNELBASE.dll
0x00007fff51ac0000 - 0x00007fff51c0b000 	C:\WINDOWS\System32\ucrtbase.dll
0x00007fff4def0000 - 0x00007fff4df0b000 	C:\Program Files\OpenJDK\jdk-21\bin\VCRUNTIME140.dll
0x00007fff36860000 - 0x00007fff36878000 	C:\Program Files\OpenJDK\jdk-21\bin\jli.dll
0x00007fff53f50000 - 0x00007fff5411c000 	C:\WINDOWS\System32\USER32.dll
0x00007fff51d80000 - 0x00007fff51da7000 	C:\WINDOWS\System32\win32u.dll
0x00007fff53250000 - 0x00007fff5327a000 	C:\WINDOWS\System32\GDI32.dll
0x00007fff33f30000 - 0x00007fff341c7000 	C:\WINDOWS\WinSxS\amd64_microsoft.windows.common-controls_6595b64144ccf1df_6.0.26100.3624_none_3e086962e3345f24\COMCTL32.dll
0x00007fff51510000 - 0x00007fff51641000 	C:\WINDOWS\System32\gdi32full.dll
0x00007fff51db0000 - 0x00007fff51e53000 	C:\WINDOWS\System32\msvcp_win.dll
0x00007fff51fe0000 - 0x00007fff52089000 	C:\WINDOWS\System32\msvcrt.dll
0x00007fff52090000 - 0x00007fff520bf000 	C:\WINDOWS\System32\IMM32.DLL
0x00007fff4c050000 - 0x00007fff4c05c000 	C:\Program Files\OpenJDK\jdk-21\bin\vcruntime140_1.dll
0x00007fff352f0000 - 0x00007fff3537e000 	C:\Program Files\OpenJDK\jdk-21\bin\msvcp140.dll
0x00007ffecb500000 - 0x00007ffecc213000 	C:\Program Files\OpenJDK\jdk-21\bin\server\jvm.dll
0x00007fff53370000 - 0x00007fff53422000 	C:\WINDOWS\System32\ADVAPI32.dll
0x00007fff520d0000 - 0x00007fff52176000 	C:\WINDOWS\System32\sechost.dll
0x00007fff53cd0000 - 0x00007fff53de6000 	C:\WINDOWS\System32\RPCRT4.dll
0x00007fff534a0000 - 0x00007fff53514000 	C:\WINDOWS\System32\WS2_32.dll
0x00007fff51200000 - 0x00007fff5125e000 	C:\WINDOWS\SYSTEM32\POWRPROF.dll
0x00007fff48460000 - 0x00007fff48496000 	C:\WINDOWS\SYSTEM32\WINMM.dll
0x00007fff41c90000 - 0x00007fff41c9b000 	C:\WINDOWS\SYSTEM32\VERSION.dll
0x00007fff511e0000 - 0x00007fff511f4000 	C:\WINDOWS\SYSTEM32\UMPDC.dll
0x00007fff50190000 - 0x00007fff501aa000 	C:\WINDOWS\SYSTEM32\kernel.appcore.dll
0x00007fff4abb0000 - 0x00007fff4abba000 	C:\Program Files\OpenJDK\jdk-21\bin\jimage.dll
0x00007fff4ecb0000 - 0x00007fff4eef1000 	C:\WINDOWS\SYSTEM32\DBGHELP.DLL
0x00007fff53940000 - 0x00007fff53cc2000 	C:\WINDOWS\System32\combase.dll
0x00007fff537b0000 - 0x00007fff53886000 	C:\WINDOWS\System32\OLEAUT32.dll
0x00007fff31fa0000 - 0x00007fff31fd9000 	C:\WINDOWS\SYSTEM32\dbgcore.DLL
0x00007fff51650000 - 0x00007fff516e9000 	C:\WINDOWS\System32\bcryptPrimitives.dll
0x00007fff4ab90000 - 0x00007fff4ab9f000 	C:\Program Files\OpenJDK\jdk-21\bin\instrument.dll
0x00007fff36840000 - 0x00007fff3685f000 	C:\Program Files\OpenJDK\jdk-21\bin\java.dll
0x00007fff521e0000 - 0x00007fff52909000 	C:\WINDOWS\System32\SHELL32.dll
0x00007fff51c10000 - 0x00007fff51d78000 	C:\WINDOWS\System32\wintypes.dll
0x00007fff4f020000 - 0x00007fff4f872000 	C:\WINDOWS\SYSTEM32\windows.storage.dll
0x00007fff53280000 - 0x00007fff5336d000 	C:\WINDOWS\System32\SHCORE.dll
0x00007fff53430000 - 0x00007fff53494000 	C:\WINDOWS\System32\shlwapi.dll
0x00007fff512d0000 - 0x00007fff512ff000 	C:\WINDOWS\SYSTEM32\profapi.dll
0x00007ffedbc60000 - 0x00007ffedbd37000 	C:\Program Files\OpenJDK\jdk-21\bin\jsvml.dll
0x00007fff36910000 - 0x00007fff36920000 	C:\Program Files\OpenJDK\jdk-21\bin\net.dll
0x00007fff4b790000 - 0x00007fff4b8ad000 	C:\WINDOWS\SYSTEM32\WINHTTP.dll
0x00007fff50690000 - 0x00007fff506fa000 	C:\WINDOWS\system32\mswsock.dll
0x00007fff36820000 - 0x00007fff36836000 	C:\Program Files\OpenJDK\jdk-21\bin\nio.dll
0x00007fff36800000 - 0x00007fff36818000 	C:\Program Files\OpenJDK\jdk-21\bin\zip.dll
0x00007fff367e0000 - 0x00007fff367e7000 	C:\Program Files\OpenJDK\jdk-21\bin\extnet.dll
0x00007fff4fc30000 - 0x00007fff4fd55000 	C:\WINDOWS\SYSTEM32\DNSAPI.dll
0x00007fff4fba0000 - 0x00007fff4fbd3000 	C:\WINDOWS\SYSTEM32\IPHLPAPI.DLL
0x00007fff521a0000 - 0x00007fff521aa000 	C:\WINDOWS\System32\NSI.dll
0x00000000501c0000 - 0x00000000501e6000 	C:\Program Files\Bonjour\mdnsNSP.dll
0x00007fff48310000 - 0x00007fff4831b000 	C:\Windows\System32\rasadhlp.dll
0x00007fff4bb60000 - 0x00007fff4bbe5000 	C:\WINDOWS\System32\fwpuclnt.dll
0x0000018c92f50000 - 0x0000018c92f53000 	C:\Program Files\OpenJDK\jdk-21\bin\api-ms-win-core-console-l1-1-0.dll
0x0000018c92f60000 - 0x0000018c92f63000 	C:\Program Files\OpenJDK\jdk-21\bin\api-ms-win-core-console-l1-2-0.dll
0x0000018c92f70000 - 0x0000018c92f73000 	C:\Program Files\OpenJDK\jdk-21\bin\api-ms-win-core-datetime-l1-1-0.dll
0x00007fff367d0000 - 0x00007fff367da000 	C:\Program Files\OpenJDK\jdk-21\bin\management.dll
0x0000018c92fd0000 - 0x0000018c92fd3000 	C:\Program Files\OpenJDK\jdk-21\bin\api-ms-win-core-debug-l1-1-0.dll
0x0000018c92fe0000 - 0x0000018c92fe3000 	C:\Program Files\OpenJDK\jdk-21\bin\api-ms-win-core-errorhandling-l1-1-0.dll
0x0000018c92ff0000 - 0x0000018c92ff4000 	C:\Program Files\OpenJDK\jdk-21\bin\api-ms-win-core-file-l1-1-0.dll
0x0000018cda050000 - 0x0000018cda053000 	C:\Program Files\OpenJDK\jdk-21\bin\api-ms-win-core-file-l1-2-0.dll
0x00007fff367c0000 - 0x00007fff367cb000 	C:\Program Files\OpenJDK\jdk-21\bin\management_ext.dll
0x00007fff53240000 - 0x00007fff53248000 	C:\WINDOWS\System32\PSAPI.DLL
0x0000018cda060000 - 0x0000018cda063000 	C:\Program Files\OpenJDK\jdk-21\bin\api-ms-win-core-file-l2-1-0.dll
0x0000018cda070000 - 0x0000018cda073000 	C:\Program Files\OpenJDK\jdk-21\bin\api-ms-win-core-handle-l1-1-0.dll
0x0000018cda080000 - 0x0000018cda083000 	C:\Program Files\OpenJDK\jdk-21\bin\api-ms-win-core-heap-l1-1-0.dll
0x0000018cda090000 - 0x0000018cda093000 	C:\Program Files\OpenJDK\jdk-21\bin\api-ms-win-core-interlocked-l1-1-0.dll
0x0000018cda0a0000 - 0x0000018cda0a3000 	C:\Program Files\OpenJDK\jdk-21\bin\api-ms-win-core-libraryloader-l1-1-0.dll
0x0000018cda0b0000 - 0x0000018cda0b3000 	C:\Program Files\OpenJDK\jdk-21\bin\api-ms-win-core-localization-l1-2-0.dll
0x0000018cda0c0000 - 0x0000018cda0c3000 	C:\Program Files\OpenJDK\jdk-21\bin\api-ms-win-core-memory-l1-1-0.dll
0x0000018cda0d0000 - 0x0000018cda0d3000 	C:\Program Files\OpenJDK\jdk-21\bin\api-ms-win-core-namedpipe-l1-1-0.dll
0x0000018cda0e0000 - 0x0000018cda0e3000 	C:\Program Files\OpenJDK\jdk-21\bin\api-ms-win-core-processenvironment-l1-1-0.dll
0x0000018cda0f0000 - 0x0000018cda0f3000 	C:\Program Files\OpenJDK\jdk-21\bin\api-ms-win-core-processthreads-l1-1-0.dll
0x0000018cda100000 - 0x0000018cda103000 	C:\Program Files\OpenJDK\jdk-21\bin\api-ms-win-core-processthreads-l1-1-1.dll
0x0000018cda110000 - 0x0000018cda113000 	C:\Program Files\OpenJDK\jdk-21\bin\api-ms-win-core-profile-l1-1-0.dll
0x0000018cda120000 - 0x0000018cda123000 	C:\Program Files\OpenJDK\jdk-21\bin\api-ms-win-core-rtlsupport-l1-1-0.dll
0x0000018cda130000 - 0x0000018cda133000 	C:\Program Files\OpenJDK\jdk-21\bin\api-ms-win-core-string-l1-1-0.dll
0x0000018cda140000 - 0x0000018cda143000 	C:\Program Files\OpenJDK\jdk-21\bin\api-ms-win-core-synch-l1-1-0.dll
0x0000018cda150000 - 0x0000018cda153000 	C:\Program Files\OpenJDK\jdk-21\bin\api-ms-win-core-synch-l1-2-0.dll
0x0000018cda160000 - 0x0000018cda163000 	C:\Program Files\OpenJDK\jdk-21\bin\api-ms-win-core-sysinfo-l1-1-0.dll
0x0000018cda170000 - 0x0000018cda173000 	C:\Program Files\OpenJDK\jdk-21\bin\api-ms-win-core-timezone-l1-1-0.dll
0x0000018cda180000 - 0x0000018cda183000 	C:\Program Files\OpenJDK\jdk-21\bin\api-ms-win-core-util-l1-1-0.dll
0x0000018cda190000 - 0x0000018cda193000 	C:\Program Files\OpenJDK\jdk-21\bin\api-ms-win-crt-conio-l1-1-0.dll
0x0000018cda1a0000 - 0x0000018cda1a4000 	C:\Program Files\OpenJDK\jdk-21\bin\api-ms-win-crt-convert-l1-1-0.dll
0x0000018cda540000 - 0x0000018cda543000 	C:\Program Files\OpenJDK\jdk-21\bin\api-ms-win-crt-environment-l1-1-0.dll
0x0000018cda550000 - 0x0000018cda553000 	C:\Program Files\OpenJDK\jdk-21\bin\api-ms-win-crt-filesystem-l1-1-0.dll
0x0000018cdb530000 - 0x0000018cdb533000 	C:\Program Files\OpenJDK\jdk-21\bin\api-ms-win-crt-heap-l1-1-0.dll
0x0000018cdb540000 - 0x0000018cdb543000 	C:\Program Files\OpenJDK\jdk-21\bin\api-ms-win-crt-locale-l1-1-0.dll
0x0000018cda1b0000 - 0x0000018cda1b5000 	C:\Program Files\OpenJDK\jdk-21\bin\api-ms-win-crt-math-l1-1-0.dll
0x0000018cda1c0000 - 0x0000018cda1c5000 	C:\Program Files\OpenJDK\jdk-21\bin\api-ms-win-crt-multibyte-l1-1-0.dll
0x0000018cda1d0000 - 0x0000018cda1e0000 	C:\Program Files\OpenJDK\jdk-21\bin\api-ms-win-crt-private-l1-1-0.dll
0x0000018cda1e0000 - 0x0000018cda1e3000 	C:\Program Files\OpenJDK\jdk-21\bin\api-ms-win-crt-process-l1-1-0.dll
0x0000018cda1f0000 - 0x0000018cda1f4000 	C:\Program Files\OpenJDK\jdk-21\bin\api-ms-win-crt-runtime-l1-1-0.dll
0x0000018cda200000 - 0x0000018cda204000 	C:\Program Files\OpenJDK\jdk-21\bin\api-ms-win-crt-stdio-l1-1-0.dll
0x0000018cda210000 - 0x0000018cda214000 	C:\Program Files\OpenJDK\jdk-21\bin\api-ms-win-crt-string-l1-1-0.dll
0x0000018cda220000 - 0x0000018cda223000 	C:\Program Files\OpenJDK\jdk-21\bin\api-ms-win-crt-time-l1-1-0.dll
0x0000018cda230000 - 0x0000018cda233000 	C:\Program Files\OpenJDK\jdk-21\bin\api-ms-win-crt-utility-l1-1-0.dll
0x00007ffeda7c0000 - 0x00007ffeda8c0000 	C:\Program Files\OpenJDK\jdk-21\bin\ucrtbase.dll
0x00007fff367b0000 - 0x00007fff367b9000 	C:\Windows\System32\msvcp140_1.dll
0x00007fff36230000 - 0x00007fff36271000 	C:\Windows\System32\msvcp140_2.dll
0x00007fff36570000 - 0x00007fff365a0000 	D:\javafx-sdk-24\bin\prism_d3d.dll
0x00007fff21560000 - 0x00007fff2170c000 	C:\WINDOWS\system32\d3d9.dll
0x00007fff4e530000 - 0x00007fff4e566000 	C:\WINDOWS\SYSTEM32\dwmapi.dll
0x00007fff4e4e0000 - 0x00007fff4e527000 	C:\WINDOWS\SYSTEM32\dxcore.dll
0x00007fff4e170000 - 0x00007fff4e21e000 	C:\WINDOWS\system32\uxtheme.dll
0x00007fff212c0000 - 0x00007fff2155f000 	C:\WINDOWS\System32\DriverStore\FileRepository\iigd_dch.inf_amd64_bfdf898adc706a16\igdumdim64.dll
0x00007fff53530000 - 0x00007fff536c6000 	C:\WINDOWS\System32\ole32.dll
0x00007ffedbf40000 - 0x00007ffedd64e000 	C:\WINDOWS\System32\DriverStore\FileRepository\iigd_dch.inf_amd64_bfdf898adc706a16\igd9dxva64.dll
0x00007fff52db0000 - 0x00007fff53236000 	C:\WINDOWS\System32\SETUPAPI.dll
0x00007fff50f00000 - 0x00007fff50f5f000 	C:\WINDOWS\SYSTEM32\cfgmgr32.dll
0x00007fff378b0000 - 0x00007fff39922000 	C:\WINDOWS\System32\DriverStore\FileRepository\iigd_dch.inf_amd64_bfdf898adc706a16\media_bin_64.dll
0x00007fff47c00000 - 0x00007fff48193000 	C:\WINDOWS\System32\DriverStore\FileRepository\iigd_dch.inf_amd64_bfdf898adc706a16\igdgmm64.dll
0x00007fff4e2e0000 - 0x00007fff4e33e000 	C:\WINDOWS\SYSTEM32\directxdatabasehelper.dll
0x00007fff50a40000 - 0x00007fff50a5c000 	C:\WINDOWS\SYSTEM32\CRYPTSP.dll
0x00007fff500f0000 - 0x00007fff5012a000 	C:\WINDOWS\system32\rsaenh.dll
0x00007fff36170000 - 0x00007fff361b8000 	D:\javafx-sdk-24\bin\glass.dll
0x00007fff52af0000 - 0x00007fff52be4000 	C:\WINDOWS\System32\COMDLG32.dll
0x00007fff50730000 - 0x00007fff5075b000 	C:\WINDOWS\SYSTEM32\USERENV.dll
0x00007fff512a0000 - 0x00007fff512c6000 	C:\WINDOWS\SYSTEM32\bcrypt.dll
0x00007fff508c0000 - 0x00007fff508cc000 	C:\WINDOWS\SYSTEM32\CRYPTBASE.dll
0x00007fff53890000 - 0x00007fff53938000 	C:\WINDOWS\System32\clbcatq.dll
0x00007fff334c0000 - 0x00007fff33616000 	C:\Windows\System32\Windows.UI.dll
0x00007fff1a290000 - 0x00007fff1a350000 	C:\Windows\System32\Windows.Networking.Connectivity.dll
0x00007fff42420000 - 0x00007fff4265b000 	C:\Windows\System32\twinapi.appcore.dll
0x00007fff4c060000 - 0x00007fff4c078000 	C:\WINDOWS\system32\napinsp.dll
0x00007fff26790000 - 0x00007fff267a2000 	C:\WINDOWS\System32\winrnr.dll
0x00007ffef3e70000 - 0x00007ffef3ea0000 	C:\WINDOWS\system32\nlansp_c.dll

dbghelp: loaded successfully - version: 4.0.5 - missing functions: none
symbol engine: initialized successfully - sym options: 0x614 - pdb path: .;C:\Program Files\OpenJDK\jdk-21\bin;C:\WINDOWS\SYSTEM32;C:\WINDOWS\WinSxS\amd64_microsoft.windows.common-controls_6595b64144ccf1df_6.0.26100.3624_none_3e086962e3345f24;C:\Program Files\OpenJDK\jdk-21\bin\server;C:\Program Files\Bonjour;D:\javafx-sdk-24\bin;C:\WINDOWS\System32\DriverStore\FileRepository\iigd_dch.inf_amd64_bfdf898adc706a16

VM Arguments:
jvm_args: --module-path=D:\ParcAuto\lib\JavaFx --add-modules=javafx.controls,javafx.fxml -javaagent:D:\Programme\JetBrains\IntelliJ IDEA 2024.3.5\lib\idea_rt.jar=58797 -Dfile.encoding=UTF-8 -Dsun.stdout.encoding=UTF-8 -Dsun.stderr.encoding=UTF-8 
java_command: main.java.com.miage.parcauto.MainApp
java_class_path (initial): D:\ParcAuto\target\classes;D:\ParcAuto\lib\JavaFx\javafx-swt.jar;D:\ParcAuto\lib\JavaFx\javafx.web.jar;D:\ParcAuto\lib\JavaFx\javafx.base.jar;D:\ParcAuto\lib\JavaFx\javafx.fxml.jar;D:\ParcAuto\lib\JavaFx\javafx.media.jar;D:\ParcAuto\lib\JavaFx\javafx.swing.jar;D:\ParcAuto\lib\JavaFx\javafx.controls.jar;D:\ParcAuto\lib\JavaFx\javafx.graphics.jar
Launcher Type: SUN_STANDARD

[Global flags]
     intx CICompilerCount                          = 4                                         {product} {ergonomic}
     uint ConcGCThreads                            = 2                                         {product} {ergonomic}
     uint G1ConcRefinementThreads                  = 8                                         {product} {ergonomic}
   size_t G1HeapRegionSize                         = 2097152                                   {product} {ergonomic}
    uintx GCDrainStackTargetSize                   = 64                                        {product} {ergonomic}
   size_t InitialHeapSize                          = 266338304                                 {product} {ergonomic}
   size_t MarkStackSize                            = 4194304                                   {product} {ergonomic}
   size_t MaxHeapSize                              = 4238344192                                {product} {ergonomic}
   size_t MaxNewSize                               = 2541748224                                {product} {ergonomic}
   size_t MinHeapDeltaBytes                        = 2097152                                   {product} {ergonomic}
   size_t MinHeapSize                              = 8388608                                   {product} {ergonomic}
    uintx NonNMethodCodeHeapSize                   = 5839372                                {pd product} {ergonomic}
    uintx NonProfiledCodeHeapSize                  = 122909434                              {pd product} {ergonomic}
    uintx ProfiledCodeHeapSize                     = 122909434                              {pd product} {ergonomic}
    uintx ReservedCodeCacheSize                    = 251658240                              {pd product} {ergonomic}
     bool SegmentedCodeCache                       = true                                      {product} {ergonomic}
   size_t SoftMaxHeapSize                          = 4238344192                             {manageable} {ergonomic}
     bool UseCompressedOops                        = true                           {product lp64_product} {ergonomic}
     bool UseG1GC                                  = true                                      {product} {ergonomic}
     bool UseLargePagesIndividualAllocation        = false                                  {pd product} {ergonomic}

Logging:
Log output configuration:
 #0: stdout all=warning uptime,level,tags foldmultilines=false
 #1: stderr all=off uptime,level,tags foldmultilines=false

Environment Variables:
JAVA_HOME=C:\Program Files\OpenJDK\jdk-21
PATH=C:\Program Files\Eclipse Adoptium\jdk-21.0.7.6-hotspot\bin;C:\Python313\Scripts\;C:\Python313\;C:\WINDOWS\system32;C:\WINDOWS;C:\WINDOWS\System32\Wbem;C:\WINDOWS\System32\WindowsPowerShell\v1.0\;C:\WINDOWS\System32\OpenSSH\;C:\Program Files\dotnet\;C:\ProgramData\chocolatey\bin;C:\Users\sajak\AppData\Local\Microsoft\WindowsApps;C:\Program Files\JetBrains\IntelliJ IDEA 2024.3.5\bin;D:\javafx-sdk-24\bin;C:\ProgramData\nvm;C:\nvm4w\nodejs;D:\Programme\Graphviz\bin;C:\Program Files\Git\cmd;C:\Program Files\nodejs\;;C:\Program Files\Docker\Docker\resources\bin;C:\ProgramData\ComposerSetup\bin;C:\Users\sajak\AppData\Local\Microsoft\WindowsApps;C:\Program Files\JetBrains\IntelliJ IDEA 2024.3.5\bin;C:\ProgramData\nvm;C:\nvm4w\nodejs;C:\Users\sajak\AppData\Local\JetBrains\Toolbox\scripts;C:\Users\sajak\AppData\Roaming\npm;D:\php;C:\Users\sajak\AppData\Roaming\Composer\vendor\bin;D:\Programme\Microsoft VS Code\bin
USERNAME=sajak
OS=Windows_NT
PROCESSOR_IDENTIFIER=Intel64 Family 6 Model 140 Stepping 1, GenuineIntel
TMP=C:\Users\sajak\AppData\Local\Temp
TEMP=C:\Users\sajak\AppData\Local\Temp




---------------  S Y S T E M  ---------------

OS:
 Windows 11 , 64 bit Build 26100 (10.0.26100.3775)
OS uptime: 0 days 3:02 hours
Hyper-V role detected

CPU: total 8 (initial active 8) (4 cores per cpu, 2 threads per core) family 6 model 140 stepping 1 microcode 0xb8, cx8, cmov, fxsr, ht, mmx, 3dnowpref, sse, sse2, sse3, ssse3, sse4.1, sse4.2, popcnt, lzcnt, tsc, tscinvbit, avx, avx2, aes, erms, clmul, bmi1, bmi2, adx, avx512f, avx512dq, avx512cd, avx512bw, avx512vl, sha, fma, vzeroupper, avx512_vpopcntdq, avx512_vpclmulqdq, avx512_vaes, avx512_vnni, clflush, clflushopt, clwb, avx512_vbmi2, avx512_vbmi, hv, rdtscp, rdpid, fsrm, gfni, avx512_bitalg, f16c, cet_ibt, cet_ss, avx512_ifma
Processor Information for processor 0
  Max Mhz: 2419, Current Mhz: 1007, Mhz Limit: 2419
Processor Information for processor 1
  Max Mhz: 2419, Current Mhz: 2419, Mhz Limit: 2419
Processor Information for processor 2
  Max Mhz: 2419, Current Mhz: 2419, Mhz Limit: 2419
Processor Information for processor 3
  Max Mhz: 2419, Current Mhz: 2419, Mhz Limit: 2419
Processor Information for processor 4
  Max Mhz: 2419, Current Mhz: 2419, Mhz Limit: 2419
Processor Information for processor 5
  Max Mhz: 2419, Current Mhz: 2419, Mhz Limit: 2419
Processor Information for processor 6
  Max Mhz: 2419, Current Mhz: 2419, Mhz Limit: 2419
Processor Information for processor 7
  Max Mhz: 2419, Current Mhz: 1007, Mhz Limit: 2419

Memory: 4k page, system-wide physical 16167M (6158M free)
TotalPageFile size 22323M (AvailPageFile size 8048M)
current process WorkingSet (physical memory assigned to process): 115M, peak: 115M
current process commit charge ("private bytes"): 389M, peak: 389M

vm_info: OpenJDK 64-Bit Server VM (21+35-2513) for windows-amd64 JRE (21+35-2513), built on 2023-08-09T20:25:10Z by "mach5one" with MS VC++ 17.1 (VS2022)

END.
